<?xml version="1.0" encoding="UTF-8"?>
<!-- Generated by org.testng.reporters.JUnitReportReporter -->
<testsuite hostname="MSI" failures="0" tests="2" name="com.nopcommerce.user.Level_15_ExtentV5_Screenshot" time="6.985" errors="0" timestamp="11 thg 11 2022 04:34:32 GMT" skipped="0">
  <testcase classname="com.nopcommerce.user.Level_15_ExtentV5_Screenshot" name="User_02_Login" time="2.574"/>
  <testcase classname="com.nopcommerce.user.Level_15_ExtentV5_Screenshot" name="User_01_Register" time="4.411"/>
</testsuite> <!-- com.nopcommerce.user.Level_15_ExtentV5_Screenshot -->
