<?xml version="1.0" encoding="UTF-8"?>
<!-- Generated by org.testng.reporters.JUnitReportReporter -->
<testsuite hostname="MSI" failures="0" tests="3" name="com.nopcommerce.user.Level_20_Fake_Data_PartIV" time="7.302" errors="0" timestamp="11 thg 11 2022 03:58:29 GMT" skipped="0">
  <testcase classname="com.nopcommerce.user.Level_20_Fake_Data_PartIV" name="User_01_Register" time="3.954"/>
  <testcase classname="com.nopcommerce.user.Level_20_Fake_Data_PartIV" name="User_03_My_Account" time="0.887"/>
  <testcase classname="com.nopcommerce.user.Level_20_Fake_Data_PartIV" name="User_02_Login" time="2.461"/>
</testsuite> <!-- com.nopcommerce.user.Level_20_Fake_Data_PartIV -->
